<?xml version="1.0" encoding="UTF-8"?>
<testng-results skipped="0" failed="0" total="1" passed="1">
  <reporter-output>
  </reporter-output>
  <suite name="RaisinTest" duration-ms="28111" started-at="2018-05-03T17:04:04Z" finished-at="2018-05-03T17:04:32Z">
    <groups>
    </groups>
    <test name="RaisinTest" duration-ms="28111" started-at="2018-05-03T17:04:04Z" finished-at="2018-05-03T17:04:32Z">
      <class name="com.raisin.tests.RaisinTests">
        <test-method status="PASS" signature="setup(java.lang.String)[pri:0, instance:com.raisin.tests.RaisinTests@62ee68d8]" name="setup" is-config="true" duration-ms="2675" started-at="2018-05-03T22:34:04Z" finished-at="2018-05-03T22:34:06Z">
          <params>
            <param index="0">
              <value is-null="true"/>
            </param>
          </params>
          <reporter-output>
          </reporter-output>
        </test-method> <!-- setup -->
        <test-method status="PASS" signature="VerificationTest()[pri:0, instance:com.raisin.tests.RaisinTests@62ee68d8]" name="VerificationTest" duration-ms="24325" started-at="2018-05-03T22:34:06Z" finished-at="2018-05-03T22:34:31Z">
          <reporter-output>
          </reporter-output>
        </test-method> <!-- VerificationTest -->
        <test-method status="PASS" signature="tearDown()[pri:0, instance:com.raisin.tests.RaisinTests@62ee68d8]" name="tearDown" is-config="true" duration-ms="1099" started-at="2018-05-03T22:34:31Z" finished-at="2018-05-03T22:34:32Z">
          <reporter-output>
          </reporter-output>
        </test-method> <!-- tearDown -->
      </class> <!-- com.raisin.tests.RaisinTests -->
    </test> <!-- RaisinTest -->
  </suite> <!-- RaisinTest -->
</testng-results>
